<?xml version="1.0" encoding="UTF-8"?>
<!-- Generated by org.testng.reporters.JUnitXMLReporter -->
<testsuite ignored="0" hostname="LTIN554535" failures="0" tests="5" name="Default test" time="0.073" errors="0" timestamp="2024-05-07T16:10:18 IST">
  <testcase classname="main.Base" name="@BeforeClass beforeClass" time="-1.715078418476E9">
    <failure type="org.testng.TestNGException" message="
Parameter &amp;apos;url&amp;apos; is required by BeforeClass on method beforeClass but has not been marked @Optional or defined
in C:\Users\2303813\AppData\Local\Temp\testng-eclipse--156279317\testng-customsuite.xml">
      <![CDATA[org.testng.TestNGException: 
Parameter 'url' is required by BeforeClass on method beforeClass but has not been marked @Optional or defined
in C:\Users\2303813\AppData\Local\Temp\testng-eclipse--156279317\testng-customsuite.xml
at org.testng.internal.Parameters.createParams(Parameters.java:267)
at org.testng.internal.Parameters.createParametersForMethod(Parameters.java:355)
at org.testng.internal.Parameters.createParameters(Parameters.java:693)
at org.testng.internal.Parameters.createConfigurationParameters(Parameters.java:166)
at org.testng.internal.invokers.ConfigInvoker.invokeConfigurations(ConfigInvoker.java:306)
at org.testng.internal.invokers.TestMethodWorker.invokeBeforeClassMethods(TestMethodWorker.java:180)
at org.testng.internal.invokers.TestMethodWorker.run(TestMethodWorker.java:122)
at java.base/java.util.ArrayList.forEach(ArrayList.java:1596)
at org.testng.TestRunner.privateRun(TestRunner.java:819)
at org.testng.TestRunner.run(TestRunner.java:619)
at org.testng.SuiteRunner.runTest(SuiteRunner.java:443)
at org.testng.SuiteRunner.runSequentially(SuiteRunner.java:437)
at org.testng.SuiteRunner.privateRun(SuiteRunner.java:397)
at org.testng.SuiteRunner.run(SuiteRunner.java:336)
at org.testng.SuiteRunnerWorker.runSuite(SuiteRunnerWorker.java:52)
at org.testng.SuiteRunnerWorker.run(SuiteRunnerWorker.java:95)
at org.testng.TestNG.runSuitesSequentially(TestNG.java:1301)
at org.testng.TestNG.runSuitesLocally(TestNG.java:1228)
at org.testng.TestNG.runSuites(TestNG.java:1134)
at org.testng.TestNG.run(TestNG.java:1101)
at org.testng.remote.AbstractRemoteTestNG.run(AbstractRemoteTestNG.java:115)
at org.testng.remote.RemoteTestNG.initAndRun(RemoteTestNG.java:293)
at org.testng.remote.RemoteTestNG.main(RemoteTestNG.java:91)
]]>
    </failure>
  </testcase> <!-- @BeforeClass beforeClass -->
  <testcase classname="main.Base" name="@AfterClass afterClass" time="0.0">
    <skipped/>
  </testcase> <!-- @AfterClass afterClass -->
  <testcase classname="main.TestCases" name="getusedList_TC_08" time="0.0">
    <skipped/>
  </testcase> <!-- getusedList_TC_08 -->
  <testcase classname="main.TestCases" name="EMI_Calculator_TC_09" time="0.0">
    <skipped/>
  </testcase> <!-- EMI_Calculator_TC_09 -->
  <testcase classname="main.TestCases" name="Key_Specifications_TC_10" time="0.0">
    <skipped/>
  </testcase> <!-- Key_Specifications_TC_10 -->
  <testcase classname="main.TestCases" name="getImg_TC_11" time="0.0">
    <skipped/>
  </testcase> <!-- getImg_TC_11 -->
  <testcase classname="main.TestCases" name="getSimilarBikes_TC_12" time="0.0">
    <skipped/>
  </testcase> <!-- getSimilarBikes_TC_12 -->
</testsuite> <!-- Default test -->
