<?xml version="1.0" encoding="UTF-8"?>
<!-- Generated by org.testng.reporters.JUnitXMLReporter -->
<testsuite ignored="0" hostname="LTIN554535" failures="1" tests="12" name="Test" time="60.242" errors="0" timestamp="2024-05-09T21:44:34 IST">
  <testcase classname="main.TestCases" name="Invalid_login_TC_01" time="4.209"/>
  <testcase classname="main.TestCases" name="Navigate_to_news_and_reviews_TC_02" time="3.828"/>
  <testcase classname="main.TestCases" name="Navigate_to_new_launches_TC_03" time="7.274"/>
  <testcase classname="main.TestCases" name="Navigate_to_new_bikes_TC_04" time="6.941"/>
  <testcase classname="main.TestCases" name="Navigate_to_best_scooter_TC_05" time="5.105"/>
  <testcase classname="main.TestCases" name="Navigate_to_electric_bike_TC_06" time="3.37"/>
  <testcase classname="main.TestCases" name="Navigate_to_electric_car_TC_07" time="3.409"/>
  <testcase classname="main.TestCases" name="getusedList_TC_08" time="3.762"/>
  <testcase classname="main.TestCases" name="EMI_Calculator_TC_09" time="1.723">
    <failure type="org.openqa.selenium.ElementClickInterceptedException" message="element click intercepted: Element is not clickable at point (119, 569)
  (Session info: chrome=121.0.6167.86)
Build info: version: &amp;apos;4.17.0&amp;apos;, revision: &amp;apos;e52b1be057*&amp;apos;
System info: os.name: &amp;apos;Windows 11&amp;apos;, os.arch: &amp;apos;amd64&amp;apos;, os.version: &amp;apos;10.0&amp;apos;, java.version: &amp;apos;21.0.3&amp;apos;
Driver info: org.openqa.selenium.chrome.ChromeDriver
Command: [2843b3ce7f9a04217b7e699f2272bdac, clickElement {id=F6FE006CCBEFD46E28FB9AC594FE72F5_element_1199}]
Capabilities {acceptInsecureCerts: false, browserName: chrome, browserVersion: 121.0.6167.86, chrome: {chromedriverVersion: 121.0.6167.184 (057a8ae7deb..., userDataDir: C:\Windows\SystemTemp\scope...}, fedcm:accounts: true, goog:chromeOptions: {debuggerAddress: localhost:56571}, networkConnectionEnabled: false, pageLoadStrategy: normal, platformName: windows, proxy: Proxy(), se:cdp: ws://localhost:56571/devtoo..., se:cdpVersion: 121.0.6167.86, setWindowRect: true, strictFileInteractability: false, timeouts: {implicit: 0, pageLoad: 300000, script: 30000}, unhandledPromptBehavior: dismiss and notify, webauthn:extension:credBlob: true, webauthn:extension:largeBlob: true, webauthn:extension:minPinLength: true, webauthn:extension:prf: true, webauthn:virtualAuthenticators: true}
Element: [[ChromeDriver: chrome on windows (2843b3ce7f9a04217b7e699f2272bdac)] -&amp;gt; xpath: (//span[@class=&amp;apos;ft-link&amp;apos;])[1]]
Session ID: 2843b3ce7f9a04217b7e699f2272bdac">
      <![CDATA[org.openqa.selenium.ElementClickInterceptedException: element click intercepted: Element is not clickable at point (119, 569)
  (Session info: chrome=121.0.6167.86)
Build info: version: '4.17.0', revision: 'e52b1be057*'
System info: os.name: 'Windows 11', os.arch: 'amd64', os.version: '10.0', java.version: '21.0.3'
Driver info: org.openqa.selenium.chrome.ChromeDriver
Command: [2843b3ce7f9a04217b7e699f2272bdac, clickElement {id=F6FE006CCBEFD46E28FB9AC594FE72F5_element_1199}]
Capabilities {acceptInsecureCerts: false, browserName: chrome, browserVersion: 121.0.6167.86, chrome: {chromedriverVersion: 121.0.6167.184 (057a8ae7deb..., userDataDir: C:\Windows\SystemTemp\scope...}, fedcm:accounts: true, goog:chromeOptions: {debuggerAddress: localhost:56571}, networkConnectionEnabled: false, pageLoadStrategy: normal, platformName: windows, proxy: Proxy(), se:cdp: ws://localhost:56571/devtoo..., se:cdpVersion: 121.0.6167.86, setWindowRect: true, strictFileInteractability: false, timeouts: {implicit: 0, pageLoad: 300000, script: 30000}, unhandledPromptBehavior: dismiss and notify, webauthn:extension:credBlob: true, webauthn:extension:largeBlob: true, webauthn:extension:minPinLength: true, webauthn:extension:prf: true, webauthn:virtualAuthenticators: true}
Element: [[ChromeDriver: chrome on windows (2843b3ce7f9a04217b7e699f2272bdac)] -> xpath: (//span[@class='ft-link'])[1]]
Session ID: 2843b3ce7f9a04217b7e699f2272bdac
at org.openqa.selenium.remote.codec.w3c.W3CHttpResponseCodec.createException(W3CHttpResponseCodec.java:185)
at org.openqa.selenium.remote.codec.w3c.W3CHttpResponseCodec.decode(W3CHttpResponseCodec.java:134)
at org.openqa.selenium.remote.codec.w3c.W3CHttpResponseCodec.decode(W3CHttpResponseCodec.java:51)
at org.openqa.selenium.remote.HttpCommandExecutor.execute(HttpCommandExecutor.java:190)
at org.openqa.selenium.remote.service.DriverCommandExecutor.invokeExecute(DriverCommandExecutor.java:216)
at org.openqa.selenium.remote.service.DriverCommandExecutor.execute(DriverCommandExecutor.java:174)
at org.openqa.selenium.remote.RemoteWebDriver.execute(RemoteWebDriver.java:519)
at org.openqa.selenium.remote.RemoteWebElement.execute(RemoteWebElement.java:223)
at org.openqa.selenium.remote.RemoteWebElement.click(RemoteWebElement.java:76)
at org.openqa.selenium.support.pagefactory.internal.LocatingElementHandler.invoke(LocatingElementHandler.java:51)
at jdk.proxy2/jdk.proxy2.$Proxy15.click(Unknown Source)
at POM.HomePagePOM.clickEmi(HomePagePOM.java:585)
at main.TestCases.EMI_Calculator_TC_09(TestCases.java:231)
at java.base/java.util.ArrayList.forEach(ArrayList.java:1596)
... Removed 30 stack frames]]>
    </failure>
  </testcase> <!-- EMI_Calculator_TC_09 -->
  <testcase classname="main.TestCases" name="Key_Specifications_TC_10" time="5.368"/>
  <testcase classname="main.TestCases" name="getImg_TC_11" time="1.305"/>
  <testcase classname="main.TestCases" name="getSimilarBikes_TC_12" time="1.616"/>
</testsuite> <!-- Test -->
